FDTD Solutions Version 8.19.1584 (Windows 64bit)
 expires (month/day/year): 12/31/2025
using config file: C:/Users/zhy15/AppData/Roaming/Lumerical/FDTD Solutions.ini
license host: <a href=http://localhost:8095>localhost:8095</a>
current time: Sat Jul 30 14:00:35 2022
Running on host: 拯救者
All processes are communicating and ready to proceed to simulation...
Running fsp file: C:\Program Files\Lumerical\FDTD\bin\fdtd-engine.exe -t 50 -remote -hide D:/inverse_design_metas_regular/gene_init/Zemax_interoperability_metalens_unit_cell_radius/radius_22.fsp
number of processors is 1
processors are distributed as: 1x1x1
Running 3D Simulation
Starting meshing
Simulation size in gridpoints: 35 x 35 x 70
Refined 0 mesh cells (0%)
Completed meshing!
Meshing complete in 0.078125 seconds of CPU time
0 0
Starting meshing
Simulation size in gridpoints: 35 x 35 x 70
Refined 0 mesh cells (0%)
Completed meshing!
Meshing complete in 0.125 seconds of CPU time
0 0
Starting meshing
Simulation size in gridpoints: 35 x 35 x 70
Refined 0 mesh cells (0%)
Completed meshing!
Meshing complete in 0.0625 seconds of CPU time
0 0
finished material properties
Meshing Time: 0.061477 seconds, Init Electrical Material Time: 0.0173268 seconds, Init Magnetic Material Time: 0.0002198
Using selected optimization level: 2
Selecting 3d kernel for splitFieldDirection=0 and optLevel=2
-----------------------------------------
Beginning initialization of 3D Simulation
Starting to add sources to simulation
Adding 3D Gaussian source propagating in Z
Starting to add boundary conditions to simulation
Adding 3D Anti-Symmetric BC
Adding 3D Anti-Symmetric BC
Adding 3D Symmetric BC
Adding 3D Symmetric BC
Adding 3D PML BC
Adding 3D PML BC
Starting to add monitors to Simulation
Adding analysis monitor
Adding analysis monitor
Adding 3D index monitor
Adding 3D index monitor
Adding 3D DFT monitor
Adding 3D DFT monitor
Adding 3D DFT monitor
Finished initialization of 3D Simulation
-----------------------------------------
All processes are communicating and ready to proceed to simulation...
Starting 225172 total iterations
0% complete. Max time remaining: 2 mins, 13 secs. Auto Shutoff: 1
2% complete. Max time remaining: 2 mins, 12 secs. Auto Shutoff: 0.183602
3% complete. Max time remaining: 2 mins, 11 secs. Auto Shutoff: 0.0936513
4% complete. Max time remaining: 2 mins, 9 secs. Auto Shutoff: 0.0670652
5% complete. Max time remaining: 2 mins, 8 secs. Auto Shutoff: 0.0511477
5% complete. Max time remaining: 2 mins, 6 secs. Auto Shutoff: 0.0382127
6% complete. Max time remaining: 2 mins, 5 secs. Auto Shutoff: 0.0294536
7% complete. Max time remaining: 2 mins, 4 secs. Auto Shutoff: 0.0207771
8% complete. Max time remaining: 2 mins, 3 secs. Auto Shutoff: 0.0168995
9% complete. Max time remaining: 2 mins, 1 secs. Auto Shutoff: 0.0149706
11% complete. Max time remaining: 1 min, 59 secs. Auto Shutoff: 0.00889461
12% complete. Max time remaining: 1 min, 58 secs. Auto Shutoff: 0.00761049
13% complete. Max time remaining: 1 min, 57 secs. Auto Shutoff: 0.00713261
14% complete. Max time remaining: 1 min, 55 secs. Auto Shutoff: 0.00629277
15% complete. Max time remaining: 1 min, 54 secs. Auto Shutoff: 0.00607031
15% complete. Max time remaining: 1 min, 53 secs. Auto Shutoff: 0.0042503
16% complete. Max time remaining: 1 min, 52 secs. Auto Shutoff: 0.00325893
17% complete. Max time remaining: 1 min, 51 secs. Auto Shutoff: 0.0022268
18% complete. Max time remaining: 1 min, 49 secs. Auto Shutoff: 0.00291158
19% complete. Max time remaining: 1 min, 48 secs. Auto Shutoff: 0.00276459
20% complete. Max time remaining: 1 min, 47 secs. Auto Shutoff: 0.00278193
22% complete. Max time remaining: 1 min, 45 secs. Auto Shutoff: 0.00192734
23% complete. Max time remaining: 1 min, 44 secs. Auto Shutoff: 0.00154667
24% complete. Max time remaining: 1 min, 42 secs. Auto Shutoff: 0.00168067
25% complete. Max time remaining: 1 min, 41 secs. Auto Shutoff: 0.00121527
25% complete. Max time remaining: 1 min, 40 secs. Auto Shutoff: 0.00152059
26% complete. Max time remaining: 1 min, 39 secs. Auto Shutoff: 0.00140981
27% complete. Max time remaining: 1 min, 37 secs. Auto Shutoff: 0.00123683
28% complete. Max time remaining: 1 min, 36 secs. Auto Shutoff: 0.000893799
29% complete. Max time remaining: 1 min, 35 secs. Auto Shutoff: 0.000614049
30% complete. Max time remaining: 1 min, 34 secs. Auto Shutoff: 0.000843527
32% complete. Max time remaining: 1 min, 31 secs. Auto Shutoff: 0.00100794
33% complete. Max time remaining: 1 min, 30 secs. Auto Shutoff: 0.000757195
34% complete. Max time remaining: 1 min, 29 secs. Auto Shutoff: 0.000590658
35% complete. Max time remaining: 1 min, 28 secs. Auto Shutoff: 0.000411801
35% complete. Max time remaining: 1 min, 27 secs. Auto Shutoff: 0.000498426
36% complete. Max time remaining: 1 min, 25 secs. Auto Shutoff: 0.000341874
37% complete. Max time remaining: 1 min, 24 secs. Auto Shutoff: 0.000529456
38% complete. Max time remaining: 1 min, 23 secs. Auto Shutoff: 0.000450987
39% complete. Max time remaining: 1 min, 22 secs. Auto Shutoff: 0.000532329
40% complete. Max time remaining: 1 min, 20 secs. Auto Shutoff: 0.000390435
42% complete. Max time remaining: 1 min, 18 secs. Auto Shutoff: 0.000248435
43% complete. Max time remaining: 1 min, 17 secs. Auto Shutoff: 0.000377306
44% complete. Max time remaining: 1 min, 16 secs. Auto Shutoff: 0.000279838
45% complete. Max time remaining: 1 min, 14 secs. Auto Shutoff: 0.000429335
45% complete. Max time remaining: 1 min, 13 secs. Auto Shutoff: 0.000195308
46% complete. Max time remaining: 1 min, 12 secs. Auto Shutoff: 0.000233989
47% complete. Max time remaining: 1 min, 11 secs. Auto Shutoff: 0.000188535
48% complete. Max time remaining: 1 min, 9 secs. Auto Shutoff: 0.00026314
49% complete. Max time remaining: 1 min, 8 secs. Auto Shutoff: 0.000180223
50% complete. Max time remaining: 1 min, 7 secs. Auto Shutoff: 0.000309848
52% complete. Max time remaining: 1 min, 5 secs. Auto Shutoff: 0.00020247
53% complete. Max time remaining: 1 min, 3 secs. Auto Shutoff: 0.000146469
54% complete. Max time remaining: 1 min, 2 secs. Auto Shutoff: 0.000163807
55% complete. Max time remaining: 1 min, 1 secs. Auto Shutoff: 0.000101546
55% complete. Max time remaining: 60 secs. Auto Shutoff: 0.000141096
56% complete. Max time remaining: 58 secs. Auto Shutoff: 0.000106977
57% complete. Max time remaining: 57 secs. Auto Shutoff: 0.000183624
58% complete. Max time remaining: 56 secs. Auto Shutoff: 0.000105405
59% complete. Max time remaining: 55 secs. Auto Shutoff: 8.46711e-005
60% complete. Max time remaining: 54 secs. Auto Shutoff: 8.78005e-005
62% complete. Max time remaining: 51 secs. Auto Shutoff: 0.000135424
63% complete. Max time remaining: 50 secs. Auto Shutoff: 7.34602e-005
64% complete. Max time remaining: 49 secs. Auto Shutoff: 8.03506e-005
65% complete. Max time remaining: 48 secs. Auto Shutoff: 5.85663e-005
65% complete. Max time remaining: 46 secs. Auto Shutoff: 0.00010209
66% complete. Max time remaining: 45 secs. Auto Shutoff: 8.1113e-005
67% complete. Max time remaining: 44 secs. Auto Shutoff: 9.26643e-005
68% complete. Max time remaining: 43 secs. Auto Shutoff: 5.23588e-005
69% complete. Max time remaining: 41 secs. Auto Shutoff: 0.000125241
70% complete. Max time remaining: 40 secs. Auto Shutoff: 5.84444e-005
72% complete. Max time remaining: 38 secs. Auto Shutoff: 5.57548e-005
73% complete. Max time remaining: 37 secs. Auto Shutoff: 4.81765e-005
74% complete. Max time remaining: 35 secs. Auto Shutoff: 4.09727e-005
75% complete. Max time remaining: 34 secs. Auto Shutoff: 9.45897e-005
75% complete. Max time remaining: 33 secs. Auto Shutoff: 3.91818e-005
76% complete. Max time remaining: 32 secs. Auto Shutoff: 6.48349e-005
77% complete. Max time remaining: 30 secs. Auto Shutoff: 4.60647e-005
78% complete. Max time remaining: 29 secs. Auto Shutoff: 6.38772e-005
79% complete. Max time remaining: 28 secs. Auto Shutoff: 3.29406e-005
80% complete. Max time remaining: 27 secs. Auto Shutoff: 7.32861e-005
82% complete. Max time remaining: 24 secs. Auto Shutoff: 5.58674e-005
83% complete. Max time remaining: 23 secs. Auto Shutoff: 3.48408e-005
84% complete. Max time remaining: 22 secs. Auto Shutoff: 5.69976e-005
85% complete. Max time remaining: 21 secs. Auto Shutoff: 2.88685e-005
85% complete. Max time remaining: 19 secs. Auto Shutoff: 3.22721e-005
86% complete. Max time remaining: 18 secs. Auto Shutoff: 2.9036e-005
87% complete. Max time remaining: 17 secs. Auto Shutoff: 4.9833e-005
88% complete. Max time remaining: 16 secs. Auto Shutoff: 2.99267e-005
89% complete. Max time remaining: 15 secs. Auto Shutoff: 4.69566e-005
90% complete. Max time remaining: 13 secs. Auto Shutoff: 2.46751e-005
92% complete. Max time remaining: 11 secs. Auto Shutoff: 3.82828e-005
93% complete. Max time remaining: 10 secs. Auto Shutoff: 4.37025e-005
94% complete. Max time remaining: 8 secs. Auto Shutoff: 1.96481e-005
95% complete. Max time remaining: 7 secs. Auto Shutoff: 1.70576e-005
95% complete. Max time remaining: 6 secs. Auto Shutoff: 3.55928e-005
96% complete. Max time remaining: 5 secs. Auto Shutoff: 2.74963e-005
97% complete. Max time remaining: 4 secs. Auto Shutoff: 2.4871e-005
98% complete. Max time remaining: 2 secs. Auto Shutoff: 1.86718e-005
99% complete. Max time remaining: 1 secs. Auto Shutoff: 1.42144e-005
Completed 225172 iterations, or 4.999999e-012s of Simulation Time
Process 0 starting to collect data
    collecting monitor data
    collecting source data
Finished collecting data
Simulation completed successfully at: Sat Jul 30 14:02:49 2022
Overall wall time measurements in seconds:
    time to mesh and initialize: 0
    time to run FDTD simulation: 134
    time to finalize data and save to files: 0
    FDTD solver speed: 144.093 Mnodes/s
    total FDTD solver speed on 1 processes: 144.093 Mnodes/s
