FDTD Solutions Version 8.19.1584 (Windows 64bit)
 expires (month/day/year): 12/31/2025
using config file: C:/Users/zhy15/AppData/Roaming/Lumerical/FDTD Solutions.ini
license host: <a href=http://localhost:8095>localhost:8095</a>
current time: Sat Jul 30 14:17:51 2022
Running on host: 拯救者
All processes are communicating and ready to proceed to simulation...
Running fsp file: C:\Program Files\Lumerical\FDTD\bin\fdtd-engine.exe -t 50 -remote -hide D:/inverse_design_metas_regular/gene_init/Zemax_interoperability_metalens_unit_cell_radius/radius_29.fsp
number of processors is 1
processors are distributed as: 1x1x1
Running 3D Simulation
Starting meshing
Simulation size in gridpoints: 42 x 42 x 70
Refined 0 mesh cells (0%)
Completed meshing!
Meshing complete in 0.09375 seconds of CPU time
0 0
Starting meshing
Simulation size in gridpoints: 42 x 42 x 70
Refined 0 mesh cells (0%)
Completed meshing!
Meshing complete in 0.109375 seconds of CPU time
0 0
Starting meshing
Simulation size in gridpoints: 42 x 42 x 70
Refined 0 mesh cells (0%)
Completed meshing!
Meshing complete in 0.109375 seconds of CPU time
0 0
finished material properties
Meshing Time: 0.0876492 seconds, Init Electrical Material Time: 0.0279797 seconds, Init Magnetic Material Time: 0.0003234
Using selected optimization level: 2
Selecting 3d kernel for splitFieldDirection=0 and optLevel=2
-----------------------------------------
Beginning initialization of 3D Simulation
Starting to add sources to simulation
Adding 3D Gaussian source propagating in Z
Starting to add boundary conditions to simulation
Adding 3D Anti-Symmetric BC
Adding 3D Anti-Symmetric BC
Adding 3D Symmetric BC
Adding 3D Symmetric BC
Adding 3D PML BC
Adding 3D PML BC
Starting to add monitors to Simulation
Adding analysis monitor
Adding analysis monitor
Adding 3D index monitor
Adding 3D index monitor
Adding 3D DFT monitor
Adding 3D DFT monitor
Adding 3D DFT monitor
Finished initialization of 3D Simulation
-----------------------------------------
All processes are communicating and ready to proceed to simulation...
Starting 223049 total iterations
0% complete. Max time remaining: 2 mins, 50 secs. Auto Shutoff: 1
2% complete. Max time remaining: 2 mins, 40 secs. Auto Shutoff: 0.114723
3% complete. Max time remaining: 2 mins, 38 secs. Auto Shutoff: 0.0778161
4% complete. Max time remaining: 2 mins, 37 secs. Auto Shutoff: 0.0711991
5% complete. Max time remaining: 2 mins, 35 secs. Auto Shutoff: 0.0407779
6% complete. Max time remaining: 2 mins, 33 secs. Auto Shutoff: 0.0340481
6% complete. Max time remaining: 2 mins, 32 secs. Auto Shutoff: 0.0318015
7% complete. Max time remaining: 2 mins, 30 secs. Auto Shutoff: 0.0237394
8% complete. Max time remaining: 2 mins, 29 secs. Auto Shutoff: 0.020777
9% complete. Max time remaining: 2 mins, 27 secs. Auto Shutoff: 0.0178187
10% complete. Max time remaining: 2 mins, 26 secs. Auto Shutoff: 0.0146853
11% complete. Max time remaining: 2 mins, 25 secs. Auto Shutoff: 0.0126346
13% complete. Max time remaining: 2 mins, 22 secs. Auto Shutoff: 0.0122692
14% complete. Max time remaining: 2 mins, 20 secs. Auto Shutoff: 0.0103041
15% complete. Max time remaining: 2 mins, 19 secs. Auto Shutoff: 0.0097078
16% complete. Max time remaining: 2 mins, 17 secs. Auto Shutoff: 0.00807826
17% complete. Max time remaining: 2 mins, 16 secs. Auto Shutoff: 0.00840662
17% complete. Max time remaining: 2 mins, 14 secs. Auto Shutoff: 0.00699444
18% complete. Max time remaining: 2 mins, 13 secs. Auto Shutoff: 0.00712806
19% complete. Max time remaining: 2 mins, 11 secs. Auto Shutoff: 0.00571922
20% complete. Max time remaining: 2 mins, 10 secs. Auto Shutoff: 0.00467337
21% complete. Max time remaining: 2 mins, 8 secs. Auto Shutoff: 0.00485707
22% complete. Max time remaining: 2 mins, 7 secs. Auto Shutoff: 0.00412487
24% complete. Max time remaining: 2 mins, 4 secs. Auto Shutoff: 0.0030918
25% complete. Max time remaining: 2 mins, 3 secs. Auto Shutoff: 0.00406412
26% complete. Max time remaining: 2 mins, 2 secs. Auto Shutoff: 0.00228716
27% complete. Max time remaining: 2 mins, 0 secs. Auto Shutoff: 0.00323317
28% complete. Max time remaining: 1 min, 59 secs. Auto Shutoff: 0.00296565
28% complete. Max time remaining: 1 min, 57 secs. Auto Shutoff: 0.0029352
29% complete. Max time remaining: 1 min, 56 secs. Auto Shutoff: 0.00215717
30% complete. Max time remaining: 1 min, 54 secs. Auto Shutoff: 0.00206837
31% complete. Max time remaining: 1 min, 53 secs. Auto Shutoff: 0.00228926
32% complete. Max time remaining: 1 min, 51 secs. Auto Shutoff: 0.00275669
33% complete. Max time remaining: 1 min, 50 secs. Auto Shutoff: 0.00141829
35% complete. Max time remaining: 1 min, 47 secs. Auto Shutoff: 0.00136992
36% complete. Max time remaining: 1 min, 45 secs. Auto Shutoff: 0.00168206
37% complete. Max time remaining: 1 min, 44 secs. Auto Shutoff: 0.00175457
38% complete. Max time remaining: 1 min, 42 secs. Auto Shutoff: 0.00160177
39% complete. Max time remaining: 1 min, 40 secs. Auto Shutoff: 0.00160333
39% complete. Max time remaining: 1 min, 39 secs. Auto Shutoff: 0.00150958
40% complete. Max time remaining: 1 min, 37 secs. Auto Shutoff: 0.00124001
41% complete. Max time remaining: 1 min, 36 secs. Auto Shutoff: 0.00183111
42% complete. Max time remaining: 1 min, 34 secs. Auto Shutoff: 0.00123845
43% complete. Max time remaining: 1 min, 33 secs. Auto Shutoff: 0.00172184
44% complete. Max time remaining: 1 min, 31 secs. Auto Shutoff: 0.00121455
46% complete. Max time remaining: 1 min, 28 secs. Auto Shutoff: 0.00140151
47% complete. Max time remaining: 1 min, 27 secs. Auto Shutoff: 0.00136025
48% complete. Max time remaining: 1 min, 25 secs. Auto Shutoff: 0.0011711
49% complete. Max time remaining: 1 min, 24 secs. Auto Shutoff: 0.0011122
50% complete. Max time remaining: 1 min, 22 secs. Auto Shutoff: 0.000940995
50% complete. Max time remaining: 1 min, 21 secs. Auto Shutoff: 0.000903136
51% complete. Max time remaining: 1 min, 19 secs. Auto Shutoff: 0.00113073
52% complete. Max time remaining: 1 min, 18 secs. Auto Shutoff: 0.00124135
53% complete. Max time remaining: 1 min, 16 secs. Auto Shutoff: 0.000726841
54% complete. Max time remaining: 1 min, 15 secs. Auto Shutoff: 0.00105138
55% complete. Max time remaining: 1 min, 14 secs. Auto Shutoff: 0.00101886
56% complete. Max time remaining: 1 min, 12 secs. Auto Shutoff: 0.000772812
58% complete. Max time remaining: 1 min, 9 secs. Auto Shutoff: 0.000579158
59% complete. Max time remaining: 1 min, 7 secs. Auto Shutoff: 0.000907348
60% complete. Max time remaining: 1 min, 6 secs. Auto Shutoff: 0.000778867
61% complete. Max time remaining: 1 min, 4 secs. Auto Shutoff: 0.000689169
62% complete. Max time remaining: 1 min, 3 secs. Auto Shutoff: 0.00102642
62% complete. Max time remaining: 1 min, 1 secs. Auto Shutoff: 0.000651604
63% complete. Max time remaining: 60 secs. Auto Shutoff: 0.000667658
64% complete. Max time remaining: 58 secs. Auto Shutoff: 0.00084779
65% complete. Max time remaining: 57 secs. Auto Shutoff: 0.000426171
66% complete. Max time remaining: 55 secs. Auto Shutoff: 0.000883532
67% complete. Max time remaining: 54 secs. Auto Shutoff: 0.000473533
69% complete. Max time remaining: 51 secs. Auto Shutoff: 0.000640536
70% complete. Max time remaining: 49 secs. Auto Shutoff: 0.000640077
71% complete. Max time remaining: 48 secs. Auto Shutoff: 0.000587783
72% complete. Max time remaining: 46 secs. Auto Shutoff: 0.000640111
73% complete. Max time remaining: 45 secs. Auto Shutoff: 0.000446012
73% complete. Max time remaining: 43 secs. Auto Shutoff: 0.000671692
74% complete. Max time remaining: 42 secs. Auto Shutoff: 0.000387308
75% complete. Max time remaining: 40 secs. Auto Shutoff: 0.000686696
76% complete. Max time remaining: 39 secs. Auto Shutoff: 0.000375526
77% complete. Max time remaining: 37 secs. Auto Shutoff: 0.000596897
78% complete. Max time remaining: 36 secs. Auto Shutoff: 0.000384225
80% complete. Max time remaining: 33 secs. Auto Shutoff: 0.000419657
81% complete. Max time remaining: 31 secs. Auto Shutoff: 0.000460545
82% complete. Max time remaining: 30 secs. Auto Shutoff: 0.000411214
83% complete. Max time remaining: 28 secs. Auto Shutoff: 0.000589443
84% complete. Max time remaining: 27 secs. Auto Shutoff: 0.000457925
84% complete. Max time remaining: 25 secs. Auto Shutoff: 0.000520418
85% complete. Max time remaining: 24 secs. Auto Shutoff: 0.000346042
86% complete. Max time remaining: 22 secs. Auto Shutoff: 0.000596878
87% complete. Max time remaining: 21 secs. Auto Shutoff: 0.000325559
88% complete. Max time remaining: 19 secs. Auto Shutoff: 0.000336308
89% complete. Max time remaining: 18 secs. Auto Shutoff: 0.00046698
91% complete. Max time remaining: 15 secs. Auto Shutoff: 0.00045181
92% complete. Max time remaining: 13 secs. Auto Shutoff: 0.000339252
93% complete. Max time remaining: 12 secs. Auto Shutoff: 0.000310021
94% complete. Max time remaining: 10 secs. Auto Shutoff: 0.000422609
95% complete. Max time remaining: 9 secs. Auto Shutoff: 0.000304059
95% complete. Max time remaining: 7 secs. Auto Shutoff: 0.000332743
96% complete. Max time remaining: 6 secs. Auto Shutoff: 0.000445727
97% complete. Max time remaining: 4 secs. Auto Shutoff: 0.000163342
98% complete. Max time remaining: 3 secs. Auto Shutoff: 0.000459815
99% complete. Max time remaining: 1 secs. Auto Shutoff: 0.000180866
Completed 223049 iterations, or 4.999992e-012s of Simulation Time
Process 0 starting to collect data
    collecting monitor data
    collecting source data
Finished collecting data
Simulation completed successfully at: Sat Jul 30 14:20:35 2022
Overall wall time measurements in seconds:
    time to mesh and initialize: 0
    time to run FDTD simulation: 164
    time to finalize data and save to files: 0
    FDTD solver speed: 167.94 Mnodes/s
    total FDTD solver speed on 1 processes: 167.94 Mnodes/s
