FDTD Solutions Version 8.19.1584 (Windows 64bit)
 expires (month/day/year): 12/31/2025
using config file: C:/Users/zhy15/AppData/Roaming/Lumerical/FDTD Solutions.ini
license host: <a href=http://localhost:8095>localhost:8095</a>
current time: Sat Jul 30 13:54:29 2022
Running on host: 拯救者
All processes are communicating and ready to proceed to simulation...
Running fsp file: C:\Program Files\Lumerical\FDTD\bin\fdtd-engine.exe -t 50 -remote -hide D:/inverse_design_metas_regular/gene_init/Zemax_interoperability_metalens_unit_cell_radius/radius_19.fsp
number of processors is 1
processors are distributed as: 1x1x1
Running 3D Simulation
Starting meshing
Simulation size in gridpoints: 33 x 33 x 70
Refined 0 mesh cells (0%)
Completed meshing!
Meshing complete in 0.109375 seconds of CPU time
0 0
Starting meshing
Simulation size in gridpoints: 33 x 33 x 70
Refined 0 mesh cells (0%)
Completed meshing!
Meshing complete in 0.046875 seconds of CPU time
0 0
Starting meshing
Simulation size in gridpoints: 33 x 33 x 70
Refined 0 mesh cells (0%)
Completed meshing!
Meshing complete in 0.0625 seconds of CPU time
0 0
finished material properties
Meshing Time: 0.0546397 seconds, Init Electrical Material Time: 0.0177788 seconds, Init Magnetic Material Time: 0.0002998
Using selected optimization level: 2
Selecting 3d kernel for splitFieldDirection=0 and optLevel=2
-----------------------------------------
Beginning initialization of 3D Simulation
Starting to add sources to simulation
Adding 3D Gaussian source propagating in Z
Starting to add boundary conditions to simulation
Adding 3D Anti-Symmetric BC
Adding 3D Anti-Symmetric BC
Adding 3D Symmetric BC
Adding 3D Symmetric BC
Adding 3D PML BC
Adding 3D PML BC
Starting to add monitors to Simulation
Adding analysis monitor
Adding analysis monitor
Adding 3D index monitor
Adding 3D index monitor
Adding 3D DFT monitor
Adding 3D DFT monitor
Adding 3D DFT monitor
Finished initialization of 3D Simulation
-----------------------------------------
All processes are communicating and ready to proceed to simulation...
Starting 226352 total iterations
0% complete. Max time remaining: 2 mins, 12 secs. Auto Shutoff: 1
2% complete. Max time remaining: 2 mins, 3 secs. Auto Shutoff: 0.115424
3% complete. Max time remaining: 2 mins, 2 secs. Auto Shutoff: 0.0870919
4% complete. Max time remaining: 2 mins, 1 secs. Auto Shutoff: 0.0432458
5% complete. Max time remaining: 1 min, 60 secs. Auto Shutoff: 0.0314678
5% complete. Max time remaining: 1 min, 58 secs. Auto Shutoff: 0.0284496
6% complete. Max time remaining: 1 min, 57 secs. Auto Shutoff: 0.0196703
7% complete. Max time remaining: 1 min, 56 secs. Auto Shutoff: 0.0124955
8% complete. Max time remaining: 1 min, 56 secs. Auto Shutoff: 0.0145812
9% complete. Max time remaining: 1 min, 55 secs. Auto Shutoff: 0.0069836
11% complete. Max time remaining: 1 min, 53 secs. Auto Shutoff: 0.0063354
12% complete. Max time remaining: 1 min, 51 secs. Auto Shutoff: 0.00386532
13% complete. Max time remaining: 1 min, 50 secs. Auto Shutoff: 0.00313195
14% complete. Max time remaining: 1 min, 49 secs. Auto Shutoff: 0.00283112
14% complete. Max time remaining: 1 min, 48 secs. Auto Shutoff: 0.00200791
15% complete. Max time remaining: 1 min, 47 secs. Auto Shutoff: 0.00172487
16% complete. Max time remaining: 1 min, 46 secs. Auto Shutoff: 0.00115307
17% complete. Max time remaining: 1 min, 45 secs. Auto Shutoff: 0.00106797
18% complete. Max time remaining: 1 min, 43 secs. Auto Shutoff: 0.00102146
20% complete. Max time remaining: 1 min, 41 secs. Auto Shutoff: 0.000935981
21% complete. Max time remaining: 1 min, 40 secs. Auto Shutoff: 0.000858636
22% complete. Max time remaining: 1 min, 39 secs. Auto Shutoff: 0.000564293
23% complete. Max time remaining: 1 min, 38 secs. Auto Shutoff: 0.000316758
24% complete. Max time remaining: 1 min, 37 secs. Auto Shutoff: 0.000331731
24% complete. Max time remaining: 1 min, 35 secs. Auto Shutoff: 0.000241686
25% complete. Max time remaining: 1 min, 34 secs. Auto Shutoff: 0.000230328
26% complete. Max time remaining: 1 min, 33 secs. Auto Shutoff: 0.000422149
27% complete. Max time remaining: 1 min, 32 secs. Auto Shutoff: 0.000226645
28% complete. Max time remaining: 1 min, 31 secs. Auto Shutoff: 0.00026299
30% complete. Max time remaining: 1 min, 29 secs. Auto Shutoff: 0.00028946
31% complete. Max time remaining: 1 min, 27 secs. Auto Shutoff: 0.000252754
32% complete. Max time remaining: 1 min, 26 secs. Auto Shutoff: 0.000330678
33% complete. Max time remaining: 1 min, 25 secs. Auto Shutoff: 0.000196967
33% complete. Max time remaining: 1 min, 24 secs. Auto Shutoff: 0.000344793
34% complete. Max time remaining: 1 min, 23 secs. Auto Shutoff: 0.000235595
35% complete. Max time remaining: 1 min, 22 secs. Auto Shutoff: 0.000174586
36% complete. Max time remaining: 1 min, 21 secs. Auto Shutoff: 0.000127494
37% complete. Max time remaining: 1 min, 19 secs. Auto Shutoff: 0.000125697
39% complete. Max time remaining: 1 min, 17 secs. Auto Shutoff: 0.00027577
40% complete. Max time remaining: 1 min, 16 secs. Auto Shutoff: 0.00028452
41% complete. Max time remaining: 1 min, 15 secs. Auto Shutoff: 0.000194502
42% complete. Max time remaining: 1 min, 14 secs. Auto Shutoff: 0.000292125
43% complete. Max time remaining: 1 min, 13 secs. Auto Shutoff: 0.000157356
43% complete. Max time remaining: 1 min, 11 secs. Auto Shutoff: 0.000262474
44% complete. Max time remaining: 1 min, 10 secs. Auto Shutoff: 0.000229041
45% complete. Max time remaining: 1 min, 9 secs. Auto Shutoff: 0.000105232
46% complete. Max time remaining: 1 min, 8 secs. Auto Shutoff: 9.86645e-005
47% complete. Max time remaining: 1 min, 7 secs. Auto Shutoff: 0.000129971
49% complete. Max time remaining: 1 min, 5 secs. Auto Shutoff: 0.000163616
50% complete. Max time remaining: 1 min, 3 secs. Auto Shutoff: 0.000117924
51% complete. Max time remaining: 1 min, 2 secs. Auto Shutoff: 9.35404e-005
52% complete. Max time remaining: 1 min, 1 secs. Auto Shutoff: 0.000251501
52% complete. Max time remaining: 1 min, 0 secs. Auto Shutoff: 0.000180693
53% complete. Max time remaining: 59 secs. Auto Shutoff: 0.000204062
54% complete. Max time remaining: 58 secs. Auto Shutoff: 0.000229885
55% complete. Max time remaining: 57 secs. Auto Shutoff: 8.49879e-005
56% complete. Max time remaining: 56 secs. Auto Shutoff: 0.000108916
58% complete. Max time remaining: 53 secs. Auto Shutoff: 0.000104571
59% complete. Max time remaining: 52 secs. Auto Shutoff: 0.00012059
60% complete. Max time remaining: 51 secs. Auto Shutoff: 9.16517e-005
61% complete. Max time remaining: 50 secs. Auto Shutoff: 9.38274e-005
62% complete. Max time remaining: 49 secs. Auto Shutoff: 0.000207756
62% complete. Max time remaining: 47 secs. Auto Shutoff: 0.000209478
63% complete. Max time remaining: 46 secs. Auto Shutoff: 0.000144216
64% complete. Max time remaining: 45 secs. Auto Shutoff: 0.000237745
65% complete. Max time remaining: 44 secs. Auto Shutoff: 0.000109601
66% complete. Max time remaining: 43 secs. Auto Shutoff: 0.000223949
68% complete. Max time remaining: 41 secs. Auto Shutoff: 9.59742e-005
69% complete. Max time remaining: 40 secs. Auto Shutoff: 8.55125e-005
70% complete. Max time remaining: 38 secs. Auto Shutoff: 7.65525e-005
71% complete. Max time remaining: 37 secs. Auto Shutoff: 9.5966e-005
71% complete. Max time remaining: 36 secs. Auto Shutoff: 0.000154848
72% complete. Max time remaining: 35 secs. Auto Shutoff: 0.000212433
73% complete. Max time remaining: 34 secs. Auto Shutoff: 8.87189e-005
74% complete. Max time remaining: 33 secs. Auto Shutoff: 0.000213409
75% complete. Max time remaining: 31 secs. Auto Shutoff: 0.000142547
77% complete. Max time remaining: 29 secs. Auto Shutoff: 0.000194404
78% complete. Max time remaining: 28 secs. Auto Shutoff: 7.25635e-005
79% complete. Max time remaining: 27 secs. Auto Shutoff: 8.9665e-005
80% complete. Max time remaining: 26 secs. Auto Shutoff: 0.000107008
81% complete. Max time remaining: 25 secs. Auto Shutoff: 9.09839e-005
81% complete. Max time remaining: 23 secs. Auto Shutoff: 0.000105776
82% complete. Max time remaining: 22 secs. Auto Shutoff: 8.55305e-005
83% complete. Max time remaining: 21 secs. Auto Shutoff: 7.4859e-005
84% complete. Max time remaining: 20 secs. Auto Shutoff: 0.000184917
85% complete. Max time remaining: 19 secs. Auto Shutoff: 0.000166015
87% complete. Max time remaining: 17 secs. Auto Shutoff: 0.000197125
88% complete. Max time remaining: 15 secs. Auto Shutoff: 7.74379e-005
89% complete. Max time remaining: 14 secs. Auto Shutoff: 8.77455e-005
90% complete. Max time remaining: 13 secs. Auto Shutoff: 0.000135346
90% complete. Max time remaining: 12 secs. Auto Shutoff: 8.54071e-005
91% complete. Max time remaining: 11 secs. Auto Shutoff: 6.52275e-005
92% complete. Max time remaining: 10 secs. Auto Shutoff: 6.54267e-005
93% complete. Max time remaining: 9 secs. Auto Shutoff: 8.35838e-005
94% complete. Max time remaining: 7 secs. Auto Shutoff: 0.000146808
96% complete. Max time remaining: 5 secs. Auto Shutoff: 8.92895e-005
97% complete. Max time remaining: 4 secs. Auto Shutoff: 0.000192156
98% complete. Max time remaining: 3 secs. Auto Shutoff: 0.000112911
99% complete. Max time remaining: 2 secs. Auto Shutoff: 8.193e-005
100% complete. Max time remaining: 1 secs. Auto Shutoff: 0.000160658
Completed 226352 iterations, or 4.999993e-012s of Simulation Time
Process 0 starting to collect data
    collecting monitor data
    collecting source data
Finished collecting data
Simulation completed successfully at: Sat Jul 30 13:56:35 2022
Overall wall time measurements in seconds:
    time to mesh and initialize: 0
    time to run FDTD simulation: 126
    time to finalize data and save to files: 0
    FDTD solver speed: 136.943 Mnodes/s
    total FDTD solver speed on 1 processes: 136.943 Mnodes/s
