FDTD Solutions Version 8.19.1584 (Windows 64bit)
 expires (month/day/year): 12/31/2025
using config file: C:/Users/zhy15/AppData/Roaming/Lumerical/FDTD Solutions.ini
license host: <a href=http://localhost:8095>localhost:8095</a>
current time: Sat Jul 30 13:48:41 2022
Running on host: 拯救者
All processes are communicating and ready to proceed to simulation...
Running fsp file: C:\Program Files\Lumerical\FDTD\bin\fdtd-engine.exe -t 50 -remote -hide D:/inverse_design_metas_regular/gene_init/Zemax_interoperability_metalens_unit_cell_radius/radius_11.fsp
number of processors is 1
processors are distributed as: 1x1x1
Running 3D Simulation
Starting meshing
Simulation size in gridpoints: 26 x 26 x 70
Refined 0 mesh cells (0%)
Completed meshing!
Meshing complete in 0.015625 seconds of CPU time
0 0
Starting meshing
Simulation size in gridpoints: 26 x 26 x 70
Refined 0 mesh cells (0%)
Completed meshing!
Meshing complete in 0.125 seconds of CPU time
0 0
Starting meshing
Simulation size in gridpoints: 26 x 26 x 70
Refined 0 mesh cells (0%)
Completed meshing!
Meshing complete in 0.046875 seconds of CPU time
0 0
finished material properties
Meshing Time: 0.0366865 seconds, Init Electrical Material Time: 0.0130185 seconds, Init Magnetic Material Time: 0.0001135
Using selected optimization level: 2
Selecting 3d kernel for splitFieldDirection=0 and optLevel=2
-----------------------------------------
Beginning initialization of 3D Simulation
Starting to add sources to simulation
Adding 3D Gaussian source propagating in Z
Starting to add boundary conditions to simulation
Adding 3D Anti-Symmetric BC
Adding 3D Anti-Symmetric BC
Adding 3D Symmetric BC
Adding 3D Symmetric BC
Adding 3D PML BC
Adding 3D PML BC
Starting to add monitors to Simulation
Adding analysis monitor
Adding analysis monitor
Adding 3D index monitor
Adding 3D index monitor
Adding 3D DFT monitor
Adding 3D DFT monitor
Adding 3D DFT monitor
Finished initialization of 3D Simulation
-----------------------------------------
All processes are communicating and ready to proceed to simulation...
Starting 231840 total iterations
0% complete. Max time remaining: 1 min, 43 secs. Auto Shutoff: 1
2% complete. Max time remaining: 1 min, 40 secs. Auto Shutoff: 0.0542446
4% complete. Max time remaining: 1 min, 38 secs. Auto Shutoff: 0.00625921
5% complete. Max time remaining: 1 min, 36 secs. Auto Shutoff: 0.00135477
7% complete. Max time remaining: 1 min, 35 secs. Auto Shutoff: 0.00048432
9% complete. Max time remaining: 1 min, 33 secs. Auto Shutoff: 0.000156849
11% complete. Max time remaining: 1 min, 32 secs. Auto Shutoff: 5.87764e-005
12% complete. Max time remaining: 1 min, 31 secs. Auto Shutoff: 1.93534e-005
14% complete. Max time remaining: 1 min, 29 secs. Auto Shutoff: 9.76161e-006
100% complete. Max time remaining: 0 mins, 0 secs. Auto Shutoff: 9.76161e-006
Early termination of simulation, the autoshutoff criteria are satisfied.
Completed 31445 iterations, or 6.781618e-013s of Simulation Time
Process 0 starting to collect data
    collecting monitor data
    collecting source data
Finished collecting data
Simulation completed successfully at: Sat Jul 30 13:48:55 2022
Overall wall time measurements in seconds:
    time to mesh and initialize: 0
    time to run FDTD simulation: 14
    time to finalize data and save to files: 0
    FDTD solver speed: 106.284 Mnodes/s
    total FDTD solver speed on 1 processes: 106.284 Mnodes/s
