FDTD Solutions Version 8.19.1584 (Windows 64bit)
 expires (month/day/year): 12/31/2025
using config file: C:/Users/zhy15/AppData/Roaming/Lumerical/FDTD Solutions.ini
license host: <a href=http://localhost:8095>localhost:8095</a>
current time: Sat Jul 30 14:12:32 2022
Running on host: 拯救者
All processes are communicating and ready to proceed to simulation...
Running fsp file: C:\Program Files\Lumerical\FDTD\bin\fdtd-engine.exe -t 50 -remote -hide D:/inverse_design_metas_regular/gene_init/Zemax_interoperability_metalens_unit_cell_radius/radius_27.fsp
number of processors is 1
processors are distributed as: 1x1x1
Running 3D Simulation
Starting meshing
Simulation size in gridpoints: 39 x 39 x 70
Refined 0 mesh cells (0%)
Completed meshing!
Meshing complete in 0.140625 seconds of CPU time
0 0
Starting meshing
Simulation size in gridpoints: 39 x 39 x 70
Refined 0 mesh cells (0%)
Completed meshing!
Meshing complete in 0.140625 seconds of CPU time
0 0
Starting meshing
Simulation size in gridpoints: 39 x 39 x 70
Refined 0 mesh cells (0%)
Completed meshing!
Meshing complete in 0.109375 seconds of CPU time
0 0
finished material properties
Meshing Time: 0.0729804 seconds, Init Electrical Material Time: 0.0186857 seconds, Init Magnetic Material Time: 0.0002855
Using selected optimization level: 2
Selecting 3d kernel for splitFieldDirection=0 and optLevel=2
-----------------------------------------
Beginning initialization of 3D Simulation
Starting to add sources to simulation
Adding 3D Gaussian source propagating in Z
Starting to add boundary conditions to simulation
Adding 3D Anti-Symmetric BC
Adding 3D Anti-Symmetric BC
Adding 3D Symmetric BC
Adding 3D Symmetric BC
Adding 3D PML BC
Adding 3D PML BC
Starting to add monitors to Simulation
Adding analysis monitor
Adding analysis monitor
Adding 3D index monitor
Adding 3D index monitor
Adding 3D DFT monitor
Adding 3D DFT monitor
Adding 3D DFT monitor
Finished initialization of 3D Simulation
-----------------------------------------
All processes are communicating and ready to proceed to simulation...
Starting 223716 total iterations
0% complete. Max time remaining: 2 mins, 35 secs. Auto Shutoff: 1
2% complete. Max time remaining: 2 mins, 27 secs. Auto Shutoff: 0.132297
3% complete. Max time remaining: 2 mins, 26 secs. Auto Shutoff: 0.0980301
4% complete. Max time remaining: 2 mins, 25 secs. Auto Shutoff: 0.0638937
5% complete. Max time remaining: 2 mins, 23 secs. Auto Shutoff: 0.0378778
5% complete. Max time remaining: 2 mins, 22 secs. Auto Shutoff: 0.0376546
6% complete. Max time remaining: 2 mins, 21 secs. Auto Shutoff: 0.0211196
7% complete. Max time remaining: 2 mins, 19 secs. Auto Shutoff: 0.0266415
8% complete. Max time remaining: 2 mins, 18 secs. Auto Shutoff: 0.0162552
9% complete. Max time remaining: 2 mins, 17 secs. Auto Shutoff: 0.0164524
10% complete. Max time remaining: 2 mins, 16 secs. Auto Shutoff: 0.0122491
12% complete. Max time remaining: 2 mins, 13 secs. Auto Shutoff: 0.010581
13% complete. Max time remaining: 2 mins, 11 secs. Auto Shutoff: 0.0103359
14% complete. Max time remaining: 2 mins, 10 secs. Auto Shutoff: 0.00799454
15% complete. Max time remaining: 2 mins, 9 secs. Auto Shutoff: 0.00864082
16% complete. Max time remaining: 2 mins, 7 secs. Auto Shutoff: 0.00648287
16% complete. Max time remaining: 2 mins, 6 secs. Auto Shutoff: 0.00691112
17% complete. Max time remaining: 2 mins, 5 secs. Auto Shutoff: 0.00530034
18% complete. Max time remaining: 2 mins, 3 secs. Auto Shutoff: 0.00630119
19% complete. Max time remaining: 2 mins, 2 secs. Auto Shutoff: 0.00387251
20% complete. Max time remaining: 2 mins, 1 secs. Auto Shutoff: 0.00490356
21% complete. Max time remaining: 1 min, 60 secs. Auto Shutoff: 0.0026697
23% complete. Max time remaining: 1 min, 57 secs. Auto Shutoff: 0.00249074
24% complete. Max time remaining: 1 min, 56 secs. Auto Shutoff: 0.00274412
25% complete. Max time remaining: 1 min, 54 secs. Auto Shutoff: 0.00239298
26% complete. Max time remaining: 1 min, 53 secs. Auto Shutoff: 0.00243839
27% complete. Max time remaining: 1 min, 52 secs. Auto Shutoff: 0.00134094
27% complete. Max time remaining: 1 min, 50 secs. Auto Shutoff: 0.00208093
28% complete. Max time remaining: 1 min, 49 secs. Auto Shutoff: 0.00145558
29% complete. Max time remaining: 1 min, 47 secs. Auto Shutoff: 0.00173907
30% complete. Max time remaining: 1 min, 46 secs. Auto Shutoff: 0.00184916
31% complete. Max time remaining: 1 min, 45 secs. Auto Shutoff: 0.00181036
32% complete. Max time remaining: 1 min, 43 secs. Auto Shutoff: 0.00155459
34% complete. Max time remaining: 1 min, 41 secs. Auto Shutoff: 0.00116368
35% complete. Max time remaining: 1 min, 39 secs. Auto Shutoff: 0.00147047
36% complete. Max time remaining: 1 min, 38 secs. Auto Shutoff: 0.00111323
37% complete. Max time remaining: 1 min, 37 secs. Auto Shutoff: 0.00132534
38% complete. Max time remaining: 1 min, 35 secs. Auto Shutoff: 0.00128946
38% complete. Max time remaining: 1 min, 34 secs. Auto Shutoff: 0.00125173
39% complete. Max time remaining: 1 min, 32 secs. Auto Shutoff: 0.00104539
40% complete. Max time remaining: 1 min, 31 secs. Auto Shutoff: 0.000940015
41% complete. Max time remaining: 1 min, 30 secs. Auto Shutoff: 0.000660358
42% complete. Max time remaining: 1 min, 28 secs. Auto Shutoff: 0.000787569
43% complete. Max time remaining: 1 min, 27 secs. Auto Shutoff: 0.00074843
45% complete. Max time remaining: 1 min, 24 secs. Auto Shutoff: 0.00103141
46% complete. Max time remaining: 1 min, 23 secs. Auto Shutoff: 0.0006632
47% complete. Max time remaining: 1 min, 21 secs. Auto Shutoff: 0.000721558
48% complete. Max time remaining: 1 min, 20 secs. Auto Shutoff: 0.00066609
49% complete. Max time remaining: 1 min, 18 secs. Auto Shutoff: 0.000375604
49% complete. Max time remaining: 1 min, 17 secs. Auto Shutoff: 0.000566613
50% complete. Max time remaining: 1 min, 16 secs. Auto Shutoff: 0.000631536
51% complete. Max time remaining: 1 min, 14 secs. Auto Shutoff: 0.0004237
52% complete. Max time remaining: 1 min, 13 secs. Auto Shutoff: 0.000500322
53% complete. Max time remaining: 1 min, 11 secs. Auto Shutoff: 0.000596371
54% complete. Max time remaining: 1 min, 10 secs. Auto Shutoff: 0.000331014
56% complete. Max time remaining: 1 min, 7 secs. Auto Shutoff: 0.000598143
57% complete. Max time remaining: 1 min, 6 secs. Auto Shutoff: 0.000485949
58% complete. Max time remaining: 1 min, 4 secs. Auto Shutoff: 0.000450264
59% complete. Max time remaining: 1 min, 3 secs. Auto Shutoff: 0.000449354
59% complete. Max time remaining: 1 min, 2 secs. Auto Shutoff: 0.000403979
60% complete. Max time remaining: 1 min, 0 secs. Auto Shutoff: 0.000409405
61% complete. Max time remaining: 59 secs. Auto Shutoff: 0.000530267
62% complete. Max time remaining: 57 secs. Auto Shutoff: 0.000416311
63% complete. Max time remaining: 56 secs. Auto Shutoff: 0.000438113
64% complete. Max time remaining: 55 secs. Auto Shutoff: 0.000394245
66% complete. Max time remaining: 52 secs. Auto Shutoff: 0.000186824
67% complete. Max time remaining: 51 secs. Auto Shutoff: 0.000330766
68% complete. Max time remaining: 49 secs. Auto Shutoff: 0.0002542
69% complete. Max time remaining: 48 secs. Auto Shutoff: 0.000247038
70% complete. Max time remaining: 46 secs. Auto Shutoff: 0.000447506
70% complete. Max time remaining: 45 secs. Auto Shutoff: 0.000164656
71% complete. Max time remaining: 44 secs. Auto Shutoff: 0.00020256
72% complete. Max time remaining: 42 secs. Auto Shutoff: 0.000253698
73% complete. Max time remaining: 41 secs. Auto Shutoff: 0.000214875
74% complete. Max time remaining: 39 secs. Auto Shutoff: 0.000249515
75% complete. Max time remaining: 38 secs. Auto Shutoff: 0.000379874
77% complete. Max time remaining: 35 secs. Auto Shutoff: 0.000190828
78% complete. Max time remaining: 34 secs. Auto Shutoff: 0.000240375
79% complete. Max time remaining: 32 secs. Auto Shutoff: 0.000172432
80% complete. Max time remaining: 31 secs. Auto Shutoff: 0.000268029
81% complete. Max time remaining: 30 secs. Auto Shutoff: 0.000304473
81% complete. Max time remaining: 28 secs. Auto Shutoff: 0.000262565
82% complete. Max time remaining: 27 secs. Auto Shutoff: 0.000171253
83% complete. Max time remaining: 25 secs. Auto Shutoff: 0.000177374
84% complete. Max time remaining: 24 secs. Auto Shutoff: 0.000142327
85% complete. Max time remaining: 23 secs. Auto Shutoff: 9.30393e-005
86% complete. Max time remaining: 21 secs. Auto Shutoff: 0.0001745
88% complete. Max time remaining: 18 secs. Auto Shutoff: 0.000157434
89% complete. Max time remaining: 17 secs. Auto Shutoff: 0.000167676
90% complete. Max time remaining: 16 secs. Auto Shutoff: 9.75173e-005
91% complete. Max time remaining: 14 secs. Auto Shutoff: 9.42825e-005
92% complete. Max time remaining: 13 secs. Auto Shutoff: 0.000158065
92% complete. Max time remaining: 11 secs. Auto Shutoff: 0.000217835
93% complete. Max time remaining: 10 secs. Auto Shutoff: 0.000143893
94% complete. Max time remaining: 9 secs. Auto Shutoff: 0.000204469
95% complete. Max time remaining: 7 secs. Auto Shutoff: 0.000181815
96% complete. Max time remaining: 6 secs. Auto Shutoff: 7.11921e-005
97% complete. Max time remaining: 5 secs. Auto Shutoff: 0.000133169
99% complete. Max time remaining: 2 secs. Auto Shutoff: 0.000120446
100% complete. Max time remaining: 0 secs. Auto Shutoff: 0.000202231
Completed 223716 iterations, or 4.999997e-012s of Simulation Time
Process 0 starting to collect data
    collecting monitor data
    collecting source data
Finished collecting data
Simulation completed successfully at: Sat Jul 30 14:15:05 2022
Overall wall time measurements in seconds:
    time to mesh and initialize: 1
    time to run FDTD simulation: 152
    time to finalize data and save to files: 0
    FDTD solver speed: 156.704 Mnodes/s
    total FDTD solver speed on 1 processes: 156.704 Mnodes/s
