FDTD Solutions Version 8.19.1584 (Windows 64bit)
 expires (month/day/year): 12/31/2025
using config file: C:/Users/zhy15/AppData/Roaming/Lumerical/FDTD Solutions.ini
license host: <a href=http://localhost:8095>localhost:8095</a>
current time: Sat Jul 30 13:52:42 2022
Running on host: 拯救者
All processes are communicating and ready to proceed to simulation...
Running fsp file: C:\Program Files\Lumerical\FDTD\bin\fdtd-engine.exe -t 50 -remote -hide D:/inverse_design_metas_regular/gene_init/Zemax_interoperability_metalens_unit_cell_radius/radius_18.fsp
number of processors is 1
processors are distributed as: 1x1x1
Running 3D Simulation
Starting meshing
Simulation size in gridpoints: 32 x 32 x 70
Refined 0 mesh cells (0%)
Completed meshing!
Meshing complete in 0.125 seconds of CPU time
0 0
Starting meshing
Simulation size in gridpoints: 32 x 32 x 70
Refined 0 mesh cells (0%)
Completed meshing!
Meshing complete in 0.15625 seconds of CPU time
0 0
Starting meshing
Simulation size in gridpoints: 32 x 32 x 70
Refined 0 mesh cells (0%)
Completed meshing!
Meshing complete in 0.09375 seconds of CPU time
0 0
finished material properties
Meshing Time: 0.0544278 seconds, Init Electrical Material Time: 0.0146377 seconds, Init Magnetic Material Time: 0.0001835
Using selected optimization level: 2
Selecting 3d kernel for splitFieldDirection=0 and optLevel=2
-----------------------------------------
Beginning initialization of 3D Simulation
Starting to add sources to simulation
Adding 3D Gaussian source propagating in Z
Starting to add boundary conditions to simulation
Adding 3D Anti-Symmetric BC
Adding 3D Anti-Symmetric BC
Adding 3D Symmetric BC
Adding 3D Symmetric BC
Adding 3D PML BC
Adding 3D PML BC
Starting to add monitors to Simulation
Adding analysis monitor
Adding analysis monitor
Adding 3D index monitor
Adding 3D index monitor
Adding 3D DFT monitor
Adding 3D DFT monitor
Adding 3D DFT monitor
Finished initialization of 3D Simulation
-----------------------------------------
All processes are communicating and ready to proceed to simulation...
Starting 226818 total iterations
0% complete. Max time remaining: 2 mins, 8 secs. Auto Shutoff: 1
2% complete. Max time remaining: 2 mins, 1 secs. Auto Shutoff: 0.138706
3% complete. Max time remaining: 2 mins, 0 secs. Auto Shutoff: 0.08093
4% complete. Max time remaining: 1 min, 59 secs. Auto Shutoff: 0.0442725
5% complete. Max time remaining: 1 min, 58 secs. Auto Shutoff: 0.0317243
5% complete. Max time remaining: 1 min, 57 secs. Auto Shutoff: 0.0206305
6% complete. Max time remaining: 1 min, 56 secs. Auto Shutoff: 0.0164683
7% complete. Max time remaining: 1 min, 54 secs. Auto Shutoff: 0.0140672
8% complete. Max time remaining: 1 min, 53 secs. Auto Shutoff: 0.012095
9% complete. Max time remaining: 1 min, 52 secs. Auto Shutoff: 0.00973547
11% complete. Max time remaining: 1 min, 50 secs. Auto Shutoff: 0.00422593
12% complete. Max time remaining: 1 min, 49 secs. Auto Shutoff: 0.00358416
13% complete. Max time remaining: 1 min, 48 secs. Auto Shutoff: 0.00247442
14% complete. Max time remaining: 1 min, 47 secs. Auto Shutoff: 0.001438
14% complete. Max time remaining: 1 min, 46 secs. Auto Shutoff: 0.00195351
15% complete. Max time remaining: 1 min, 45 secs. Auto Shutoff: 0.00292178
16% complete. Max time remaining: 1 min, 44 secs. Auto Shutoff: 0.00215432
17% complete. Max time remaining: 1 min, 43 secs. Auto Shutoff: 0.00169773
18% complete. Max time remaining: 1 min, 42 secs. Auto Shutoff: 0.00105155
20% complete. Max time remaining: 1 min, 39 secs. Auto Shutoff: 0.000441989
21% complete. Max time remaining: 1 min, 38 secs. Auto Shutoff: 0.000577574
22% complete. Max time remaining: 1 min, 37 secs. Auto Shutoff: 0.000653083
23% complete. Max time remaining: 1 min, 36 secs. Auto Shutoff: 0.000550548
23% complete. Max time remaining: 1 min, 35 secs. Auto Shutoff: 0.000810319
24% complete. Max time remaining: 1 min, 34 secs. Auto Shutoff: 0.000807432
25% complete. Max time remaining: 1 min, 33 secs. Auto Shutoff: 0.000440634
26% complete. Max time remaining: 1 min, 32 secs. Auto Shutoff: 0.000268061
27% complete. Max time remaining: 1 min, 30 secs. Auto Shutoff: 0.000220918
29% complete. Max time remaining: 1 min, 28 secs. Auto Shutoff: 0.000185168
30% complete. Max time remaining: 1 min, 27 secs. Auto Shutoff: 0.000278028
31% complete. Max time remaining: 1 min, 26 secs. Auto Shutoff: 0.000385321
32% complete. Max time remaining: 1 min, 25 secs. Auto Shutoff: 0.000231425
32% complete. Max time remaining: 1 min, 24 secs. Auto Shutoff: 0.000300617
33% complete. Max time remaining: 1 min, 23 secs. Auto Shutoff: 0.000261158
34% complete. Max time remaining: 1 min, 21 secs. Auto Shutoff: 0.000123655
35% complete. Max time remaining: 1 min, 20 secs. Auto Shutoff: 0.000132539
36% complete. Max time remaining: 1 min, 19 secs. Auto Shutoff: 0.0001424
37% complete. Max time remaining: 1 min, 18 secs. Auto Shutoff: 0.000187325
39% complete. Max time remaining: 1 min, 16 secs. Auto Shutoff: 0.000198638
40% complete. Max time remaining: 1 min, 15 secs. Auto Shutoff: 7.5897e-005
41% complete. Max time remaining: 1 min, 14 secs. Auto Shutoff: 9.09978e-005
42% complete. Max time remaining: 1 min, 13 secs. Auto Shutoff: 0.000155182
42% complete. Max time remaining: 1 min, 12 secs. Auto Shutoff: 6.63478e-005
43% complete. Max time remaining: 1 min, 10 secs. Auto Shutoff: 7.14789e-005
44% complete. Max time remaining: 1 min, 9 secs. Auto Shutoff: 0.000116543
45% complete. Max time remaining: 1 min, 8 secs. Auto Shutoff: 0.000115222
46% complete. Max time remaining: 1 min, 7 secs. Auto Shutoff: 6.19103e-005
48% complete. Max time remaining: 1 min, 5 secs. Auto Shutoff: 0.000123799
49% complete. Max time remaining: 1 min, 4 secs. Auto Shutoff: 4.91668e-005
50% complete. Max time remaining: 1 min, 2 secs. Auto Shutoff: 3.97952e-005
51% complete. Max time remaining: 1 min, 1 secs. Auto Shutoff: 0.00010474
51% complete. Max time remaining: 1 min, 0 secs. Auto Shutoff: 5.63661e-005
52% complete. Max time remaining: 59 secs. Auto Shutoff: 7.38823e-005
53% complete. Max time remaining: 58 secs. Auto Shutoff: 8.06358e-005
54% complete. Max time remaining: 57 secs. Auto Shutoff: 7.43331e-005
55% complete. Max time remaining: 56 secs. Auto Shutoff: 5.37605e-005
57% complete. Max time remaining: 54 secs. Auto Shutoff: 7.43044e-005
58% complete. Max time remaining: 53 secs. Auto Shutoff: 3.68764e-005
59% complete. Max time remaining: 51 secs. Auto Shutoff: 7.53659e-005
60% complete. Max time remaining: 50 secs. Auto Shutoff: 6.63924e-005
60% complete. Max time remaining: 49 secs. Auto Shutoff: 3.54407e-005
61% complete. Max time remaining: 48 secs. Auto Shutoff: 6.17244e-005
62% complete. Max time remaining: 47 secs. Auto Shutoff: 5.18397e-005
63% complete. Max time remaining: 46 secs. Auto Shutoff: 3.89461e-005
64% complete. Max time remaining: 45 secs. Auto Shutoff: 3.79359e-005
65% complete. Max time remaining: 44 secs. Auto Shutoff: 5.89571e-005
67% complete. Max time remaining: 41 secs. Auto Shutoff: 2.16398e-005
68% complete. Max time remaining: 40 secs. Auto Shutoff: 5.63998e-005
69% complete. Max time remaining: 39 secs. Auto Shutoff: 2.84154e-005
70% complete. Max time remaining: 38 secs. Auto Shutoff: 1.59021e-005
70% complete. Max time remaining: 37 secs. Auto Shutoff: 4.00589e-005
71% complete. Max time remaining: 36 secs. Auto Shutoff: 3.55304e-005
72% complete. Max time remaining: 35 secs. Auto Shutoff: 2.92839e-005
73% complete. Max time remaining: 33 secs. Auto Shutoff: 2.26004e-005
74% complete. Max time remaining: 32 secs. Auto Shutoff: 3.8341e-005
76% complete. Max time remaining: 30 secs. Auto Shutoff: 1.45928e-005
77% complete. Max time remaining: 29 secs. Auto Shutoff: 3.36111e-005
78% complete. Max time remaining: 28 secs. Auto Shutoff: 1.87246e-005
79% complete. Max time remaining: 27 secs. Auto Shutoff: 3.32683e-005
79% complete. Max time remaining: 26 secs. Auto Shutoff: 2.34828e-005
80% complete. Max time remaining: 24 secs. Auto Shutoff: 1.86098e-005
81% complete. Max time remaining: 23 secs. Auto Shutoff: 2.09393e-005
82% complete. Max time remaining: 22 secs. Auto Shutoff: 3.10849e-005
83% complete. Max time remaining: 21 secs. Auto Shutoff: 2.06265e-005
85% complete. Max time remaining: 19 secs. Auto Shutoff: 9.95349e-006
100% complete. Max time remaining: 0 mins, 0 secs. Auto Shutoff: 9.95349e-006
Early termination of simulation, the autoshutoff criteria are satisfied.
Completed 191707 iterations, or 4.226008e-012s of Simulation Time
Process 0 starting to collect data
    collecting monitor data
    collecting source data
Finished collecting data
Simulation completed successfully at: Sat Jul 30 13:54:28 2022
Overall wall time measurements in seconds:
    time to mesh and initialize: 0
    time to run FDTD simulation: 106
    time to finalize data and save to files: 0
    FDTD solver speed: 129.637 Mnodes/s
    total FDTD solver speed on 1 processes: 129.637 Mnodes/s
