FDTD Solutions Version 8.19.1584 (Windows 64bit)
 expires (month/day/year): 12/31/2025
using config file: C:/Users/zhy15/AppData/Roaming/Lumerical/FDTD Solutions.ini
license host: <a href=http://localhost:8095>localhost:8095</a>
current time: Sat Jul 30 13:51:17 2022
Running on host: 拯救者
All processes are communicating and ready to proceed to simulation...
Running fsp file: C:\Program Files\Lumerical\FDTD\bin\fdtd-engine.exe -t 50 -remote -hide D:/inverse_design_metas_regular/gene_init/Zemax_interoperability_metalens_unit_cell_radius/radius_17.fsp
number of processors is 1
processors are distributed as: 1x1x1
Running 3D Simulation
Starting meshing
Simulation size in gridpoints: 31 x 31 x 70
Refined 0 mesh cells (0%)
Completed meshing!
Meshing complete in 0.03125 seconds of CPU time
0 0
Starting meshing
Simulation size in gridpoints: 31 x 31 x 70
Refined 0 mesh cells (0%)
Completed meshing!
Meshing complete in 0.125 seconds of CPU time
0 0
Starting meshing
Simulation size in gridpoints: 31 x 31 x 70
Refined 0 mesh cells (0%)
Completed meshing!
Meshing complete in 0.140625 seconds of CPU time
0 0
finished material properties
Meshing Time: 0.0510735 seconds, Init Electrical Material Time: 0.0172349 seconds, Init Magnetic Material Time: 0.0001736
Using selected optimization level: 2
Selecting 3d kernel for splitFieldDirection=0 and optLevel=2
-----------------------------------------
Beginning initialization of 3D Simulation
Starting to add sources to simulation
Adding 3D Gaussian source propagating in Z
Starting to add boundary conditions to simulation
Adding 3D Anti-Symmetric BC
Adding 3D Anti-Symmetric BC
Adding 3D Symmetric BC
Adding 3D Symmetric BC
Adding 3D PML BC
Adding 3D PML BC
Starting to add monitors to Simulation
Adding analysis monitor
Adding analysis monitor
Adding 3D index monitor
Adding 3D index monitor
Adding 3D DFT monitor
Adding 3D DFT monitor
Adding 3D DFT monitor
Finished initialization of 3D Simulation
-----------------------------------------
All processes are communicating and ready to proceed to simulation...
Starting 227329 total iterations
0% complete. Max time remaining: 1 min, 58 secs. Auto Shutoff: 1
2% complete. Max time remaining: 1 min, 60 secs. Auto Shutoff: 0.0868322
3% complete. Max time remaining: 1 min, 58 secs. Auto Shutoff: 0.0462999
4% complete. Max time remaining: 1 min, 56 secs. Auto Shutoff: 0.0276864
4% complete. Max time remaining: 1 min, 55 secs. Auto Shutoff: 0.0229953
5% complete. Max time remaining: 1 min, 54 secs. Auto Shutoff: 0.0181069
6% complete. Max time remaining: 1 min, 52 secs. Auto Shutoff: 0.0108674
7% complete. Max time remaining: 1 min, 51 secs. Auto Shutoff: 0.00669546
8% complete. Max time remaining: 1 min, 50 secs. Auto Shutoff: 0.00480841
9% complete. Max time remaining: 1 min, 49 secs. Auto Shutoff: 0.0041374
11% complete. Max time remaining: 1 min, 47 secs. Auto Shutoff: 0.00255997
12% complete. Max time remaining: 1 min, 46 secs. Auto Shutoff: 0.00182777
13% complete. Max time remaining: 1 min, 45 secs. Auto Shutoff: 0.0012799
14% complete. Max time remaining: 1 min, 43 secs. Auto Shutoff: 0.00135191
14% complete. Max time remaining: 1 min, 42 secs. Auto Shutoff: 0.00171788
15% complete. Max time remaining: 1 min, 41 secs. Auto Shutoff: 0.00172252
16% complete. Max time remaining: 1 min, 40 secs. Auto Shutoff: 0.00113121
17% complete. Max time remaining: 1 min, 39 secs. Auto Shutoff: 0.00101822
18% complete. Max time remaining: 1 min, 38 secs. Auto Shutoff: 0.000621528
20% complete. Max time remaining: 1 min, 36 secs. Auto Shutoff: 0.000341007
21% complete. Max time remaining: 1 min, 35 secs. Auto Shutoff: 0.000288802
22% complete. Max time remaining: 1 min, 34 secs. Auto Shutoff: 0.000530219
23% complete. Max time remaining: 1 min, 33 secs. Auto Shutoff: 0.000753306
23% complete. Max time remaining: 1 min, 32 secs. Auto Shutoff: 0.000766384
24% complete. Max time remaining: 1 min, 31 secs. Auto Shutoff: 0.000734197
25% complete. Max time remaining: 1 min, 30 secs. Auto Shutoff: 0.000582907
26% complete. Max time remaining: 1 min, 29 secs. Auto Shutoff: 0.000340196
27% complete. Max time remaining: 1 min, 28 secs. Auto Shutoff: 0.000194096
29% complete. Max time remaining: 1 min, 25 secs. Auto Shutoff: 0.000226097
30% complete. Max time remaining: 1 min, 24 secs. Auto Shutoff: 0.000381614
31% complete. Max time remaining: 1 min, 23 secs. Auto Shutoff: 0.000334283
32% complete. Max time remaining: 1 min, 22 secs. Auto Shutoff: 0.000437698
32% complete. Max time remaining: 1 min, 21 secs. Auto Shutoff: 0.000374538
33% complete. Max time remaining: 1 min, 20 secs. Auto Shutoff: 0.000195667
34% complete. Max time remaining: 1 min, 19 secs. Auto Shutoff: 0.000214504
35% complete. Max time remaining: 1 min, 18 secs. Auto Shutoff: 8.47219e-005
36% complete. Max time remaining: 1 min, 17 secs. Auto Shutoff: 8.59467e-005
38% complete. Max time remaining: 1 min, 15 secs. Auto Shutoff: 0.00013951
39% complete. Max time remaining: 1 min, 14 secs. Auto Shutoff: 0.000238534
40% complete. Max time remaining: 1 min, 12 secs. Auto Shutoff: 0.00026685
41% complete. Max time remaining: 1 min, 11 secs. Auto Shutoff: 0.000225937
41% complete. Max time remaining: 1 min, 10 secs. Auto Shutoff: 0.000170461
42% complete. Max time remaining: 1 min, 9 secs. Auto Shutoff: 8.022e-005
43% complete. Max time remaining: 1 min, 8 secs. Auto Shutoff: 5.83147e-005
44% complete. Max time remaining: 1 min, 7 secs. Auto Shutoff: 5.6256e-005
45% complete. Max time remaining: 1 min, 6 secs. Auto Shutoff: 4.48718e-005
47% complete. Max time remaining: 1 min, 4 secs. Auto Shutoff: 0.000108307
48% complete. Max time remaining: 1 min, 3 secs. Auto Shutoff: 0.000152843
49% complete. Max time remaining: 1 min, 2 secs. Auto Shutoff: 0.000143705
50% complete. Max time remaining: 1 min, 1 secs. Auto Shutoff: 8.80499e-005
50% complete. Max time remaining: 60 secs. Auto Shutoff: 8.49672e-005
51% complete. Max time remaining: 58 secs. Auto Shutoff: 3.11282e-005
52% complete. Max time remaining: 57 secs. Auto Shutoff: 3.08977e-005
53% complete. Max time remaining: 56 secs. Auto Shutoff: 3.09762e-005
54% complete. Max time remaining: 55 secs. Auto Shutoff: 3.83554e-005
56% complete. Max time remaining: 53 secs. Auto Shutoff: 9.62074e-005
57% complete. Max time remaining: 52 secs. Auto Shutoff: 8.78365e-005
58% complete. Max time remaining: 51 secs. Auto Shutoff: 6.71016e-005
59% complete. Max time remaining: 50 secs. Auto Shutoff: 3.01434e-005
59% complete. Max time remaining: 49 secs. Auto Shutoff: 3.15619e-005
60% complete. Max time remaining: 48 secs. Auto Shutoff: 1.87655e-005
61% complete. Max time remaining: 47 secs. Auto Shutoff: 1.8015e-005
62% complete. Max time remaining: 45 secs. Auto Shutoff: 3.41339e-005
63% complete. Max time remaining: 44 secs. Auto Shutoff: 3.66835e-005
65% complete. Max time remaining: 42 secs. Auto Shutoff: 5.65165e-005
66% complete. Max time remaining: 41 secs. Auto Shutoff: 3.73976e-005
67% complete. Max time remaining: 40 secs. Auto Shutoff: 3.30152e-005
68% complete. Max time remaining: 39 secs. Auto Shutoff: 1.18433e-005
68% complete. Max time remaining: 38 secs. Auto Shutoff: 1.16043e-005
69% complete. Max time remaining: 37 secs. Auto Shutoff: 1.18073e-005
100% complete. Max time remaining: 0 mins, 0 secs. Auto Shutoff: 9.6475e-006
Early termination of simulation, the autoshutoff criteria are satisfied.
Completed 158480 iterations, or 3.485702e-012s of Simulation Time
Process 0 starting to collect data
    collecting monitor data
    collecting source data
Finished collecting data
Simulation completed successfully at: Sat Jul 30 13:52:41 2022
Overall wall time measurements in seconds:
    time to mesh and initialize: 0
    time to run FDTD simulation: 84
    time to finalize data and save to files: 0
    FDTD solver speed: 126.916 Mnodes/s
    total FDTD solver speed on 1 processes: 126.916 Mnodes/s
